[INFO  - 2018-01-27T15:43:10.795Z] GhostDriver - Main - running on port 56539
[INFO  - 2018-01-27T15:43:15.281Z] Session [c9e188c0-0378-11e8-b34c-fdaabc586193] - page.settings - {"XSSAuditingEnabled":false,"javascriptCanCloseWindows":true,"javascriptCanOpenWindows":true,"javascriptEnabled":true,"loadImages":true,"localToRemoteUrlAccessEnabled":false,"userAgent":"Mozilla/5.0 (Windows NT 6.2; WOW64) AppleWebKit/538.1 (KHTML, like Gecko) PhantomJS/2.1.1 Safari/538.1","webSecurityEnabled":true}
[INFO  - 2018-01-27T15:43:15.281Z] Session [c9e188c0-0378-11e8-b34c-fdaabc586193] - page.customHeaders:  - {}
[INFO  - 2018-01-27T15:43:15.281Z] Session [c9e188c0-0378-11e8-b34c-fdaabc586193] - Session.negotiatedCapabilities - {"browserName":"phantomjs","version":"2.1.1","driverName":"ghostdriver","driverVersion":"1.2.0","platform":"windows-10-32bit","javascriptEnabled":true,"takesScreenshot":true,"handlesAlerts":false,"databaseEnabled":false,"locationContextEnabled":false,"applicationCacheEnabled":false,"browserConnectionEnabled":false,"cssSelectorsEnabled":true,"webStorageEnabled":false,"rotatable":false,"acceptSslCerts":false,"nativeEvents":true,"proxy":{"proxyType":"direct"}}
[INFO  - 2018-01-27T15:43:15.282Z] SessionManagerReqHand - _postNewSessionCommand - New Session Created: c9e188c0-0378-11e8-b34c-fdaabc586193
[ERROR - 2018-01-27T15:43:16.986Z] Session [c9e188c0-0378-11e8-b34c-fdaabc586193] - page.onError - msg: kg/search-suggest/6.3.1/index is not loaded! can not find module in path : https://g.alicdn.com/kg/??search-suggest/6.3.1/index-min.js,search-suggest/6.3.1/plugin/history-min.js,search-suggest/6.3.1/plugin/cloud-min.js,search-suggest/6.3.1/plugin/tab-min.js,search-suggest/6.3.1/plugin/history-magic-min.js,search-suggest/6.3.1/plugin/imgsearch-min.js,search-suggest/6.3.1/theme/pailitao/index-min.js

  phantomjs://platform/console++.js:263 in error
[ERROR - 2018-01-27T15:43:16.987Z] Session [c9e188c0-0378-11e8-b34c-fdaabc586193] - page.onError - stack:
  (anonymous function) (https://g.alicdn.com/??kissy/k/6.2.4/seed-min.js,kg/global-util/1.0.5/index-min.js,tb/tracker/4.2.1/p/index/index.js,kg/tb-nav/2.5.3/index-min.js,secdev/sufei_data/3.0.8/index.js:5)

  phantomjs://platform/console++.js:263 in error
[ERROR - 2018-01-27T15:43:16.987Z] Session [c9e188c0-0378-11e8-b34c-fdaabc586193] - page.onError - msg: kg/search-suggest/6.3.1/plugin/history is not loaded! can not find module in path : https://g.alicdn.com/kg/??search-suggest/6.3.1/index-min.js,search-suggest/6.3.1/plugin/history-min.js,search-suggest/6.3.1/plugin/cloud-min.js,search-suggest/6.3.1/plugin/tab-min.js,search-suggest/6.3.1/plugin/history-magic-min.js,search-suggest/6.3.1/plugin/imgsearch-min.js,search-suggest/6.3.1/theme/pailitao/index-min.js

  phantomjs://platform/console++.js:263 in error
[ERROR - 2018-01-27T15:43:16.987Z] Session [c9e188c0-0378-11e8-b34c-fdaabc586193] - page.onError - stack:
  (anonymous function) (https://g.alicdn.com/??kissy/k/6.2.4/seed-min.js,kg/global-util/1.0.5/index-min.js,tb/tracker/4.2.1/p/index/index.js,kg/tb-nav/2.5.3/index-min.js,secdev/sufei_data/3.0.8/index.js:5)

  phantomjs://platform/console++.js:263 in error
[ERROR - 2018-01-27T15:43:16.987Z] Session [c9e188c0-0378-11e8-b34c-fdaabc586193] - page.onError - msg: kg/search-suggest/6.3.1/plugin/cloud is not loaded! can not find module in path : https://g.alicdn.com/kg/??search-suggest/6.3.1/index-min.js,search-suggest/6.3.1/plugin/history-min.js,search-suggest/6.3.1/plugin/cloud-min.js,search-suggest/6.3.1/plugin/tab-min.js,search-suggest/6.3.1/plugin/history-magic-min.js,search-suggest/6.3.1/plugin/imgsearch-min.js,search-suggest/6.3.1/theme/pailitao/index-min.js

  phantomjs://platform/console++.js:263 in error
[ERROR - 2018-01-27T15:43:16.987Z] Session [c9e188c0-0378-11e8-b34c-fdaabc586193] - page.onError - stack:
  (anonymous function) (https://g.alicdn.com/??kissy/k/6.2.4/seed-min.js,kg/global-util/1.0.5/index-min.js,tb/tracker/4.2.1/p/index/index.js,kg/tb-nav/2.5.3/index-min.js,secdev/sufei_data/3.0.8/index.js:5)

  phantomjs://platform/console++.js:263 in error
[ERROR - 2018-01-27T15:43:16.988Z] Session [c9e188c0-0378-11e8-b34c-fdaabc586193] - page.onError - msg: kg/search-suggest/6.3.1/plugin/tab is not loaded! can not find module in path : https://g.alicdn.com/kg/??search-suggest/6.3.1/index-min.js,search-suggest/6.3.1/plugin/history-min.js,search-suggest/6.3.1/plugin/cloud-min.js,search-suggest/6.3.1/plugin/tab-min.js,search-suggest/6.3.1/plugin/history-magic-min.js,search-suggest/6.3.1/plugin/imgsearch-min.js,search-suggest/6.3.1/theme/pailitao/index-min.js

  phantomjs://platform/console++.js:263 in error
[ERROR - 2018-01-27T15:43:16.988Z] Session [c9e188c0-0378-11e8-b34c-fdaabc586193] - page.onError - stack:
  (anonymous function) (https://g.alicdn.com/??kissy/k/6.2.4/seed-min.js,kg/global-util/1.0.5/index-min.js,tb/tracker/4.2.1/p/index/index.js,kg/tb-nav/2.5.3/index-min.js,secdev/sufei_data/3.0.8/index.js:5)

  phantomjs://platform/console++.js:263 in error
[ERROR - 2018-01-27T15:43:16.988Z] Session [c9e188c0-0378-11e8-b34c-fdaabc586193] - page.onError - msg: kg/search-suggest/6.3.1/plugin/history-magic is not loaded! can not find module in path : https://g.alicdn.com/kg/??search-suggest/6.3.1/index-min.js,search-suggest/6.3.1/plugin/history-min.js,search-suggest/6.3.1/plugin/cloud-min.js,search-suggest/6.3.1/plugin/tab-min.js,search-suggest/6.3.1/plugin/history-magic-min.js,search-suggest/6.3.1/plugin/imgsearch-min.js,search-suggest/6.3.1/theme/pailitao/index-min.js

  phantomjs://platform/console++.js:263 in error
[ERROR - 2018-01-27T15:43:16.988Z] Session [c9e188c0-0378-11e8-b34c-fdaabc586193] - page.onError - stack:
  (anonymous function) (https://g.alicdn.com/??kissy/k/6.2.4/seed-min.js,kg/global-util/1.0.5/index-min.js,tb/tracker/4.2.1/p/index/index.js,kg/tb-nav/2.5.3/index-min.js,secdev/sufei_data/3.0.8/index.js:5)

  phantomjs://platform/console++.js:263 in error
[ERROR - 2018-01-27T15:43:16.988Z] Session [c9e188c0-0378-11e8-b34c-fdaabc586193] - page.onError - msg: kg/search-suggest/6.3.1/plugin/imgsearch is not loaded! can not find module in path : https://g.alicdn.com/kg/??search-suggest/6.3.1/index-min.js,search-suggest/6.3.1/plugin/history-min.js,search-suggest/6.3.1/plugin/cloud-min.js,search-suggest/6.3.1/plugin/tab-min.js,search-suggest/6.3.1/plugin/history-magic-min.js,search-suggest/6.3.1/plugin/imgsearch-min.js,search-suggest/6.3.1/theme/pailitao/index-min.js

  phantomjs://platform/console++.js:263 in error
[ERROR - 2018-01-27T15:43:16.988Z] Session [c9e188c0-0378-11e8-b34c-fdaabc586193] - page.onError - stack:
  (anonymous function) (https://g.alicdn.com/??kissy/k/6.2.4/seed-min.js,kg/global-util/1.0.5/index-min.js,tb/tracker/4.2.1/p/index/index.js,kg/tb-nav/2.5.3/index-min.js,secdev/sufei_data/3.0.8/index.js:5)

  phantomjs://platform/console++.js:263 in error
[ERROR - 2018-01-27T15:43:16.988Z] Session [c9e188c0-0378-11e8-b34c-fdaabc586193] - page.onError - msg: kg/search-suggest/6.3.1/theme/pailitao/index is not loaded! can not find module in path : https://g.alicdn.com/kg/??search-suggest/6.3.1/index-min.js,search-suggest/6.3.1/plugin/history-min.js,search-suggest/6.3.1/plugin/cloud-min.js,search-suggest/6.3.1/plugin/tab-min.js,search-suggest/6.3.1/plugin/history-magic-min.js,search-suggest/6.3.1/plugin/imgsearch-min.js,search-suggest/6.3.1/theme/pailitao/index-min.js

  phantomjs://platform/console++.js:263 in error
[ERROR - 2018-01-27T15:43:16.988Z] Session [c9e188c0-0378-11e8-b34c-fdaabc586193] - page.onError - stack:
  (anonymous function) (https://g.alicdn.com/??kissy/k/6.2.4/seed-min.js,kg/global-util/1.0.5/index-min.js,tb/tracker/4.2.1/p/index/index.js,kg/tb-nav/2.5.3/index-min.js,secdev/sufei_data/3.0.8/index.js:5)

  phantomjs://platform/console++.js:263 in error
[INFO  - 2018-01-27T15:48:10.800Z] SessionManagerReqHand - _cleanupWindowlessSessions - Asynchronous Sessions clean-up phase starting NOW
[ERROR - 2018-01-27T15:48:19.292Z] Session [c9e188c0-0378-11e8-b34c-fdaabc586193] - page.onError - msg: TypeError: undefined is not an object (evaluating 'MBOX[a].data')

  phantomjs://platform/console++.js:263 in error
[ERROR - 2018-01-27T15:48:19.293Z] Session [c9e188c0-0378-11e8-b34c-fdaabc586193] - page.onError - stack:
  getData (https://acc.alicdn.com/tfscom/TB1DKQvX2DH8KJjy1XcXXcpdXXa.js:5)
  (anonymous function) (https://acc.alicdn.com/tfscom/TB1DKQvX2DH8KJjy1XcXXcpdXXa.js:10)
  _use (https://acc.alicdn.com/tfscom/TB19mfKX2DH8KJjy1XcXXcpdXXa.js:1)
  load (https://acc.alicdn.com/tfscom/TB19mfKX2DH8KJjy1XcXXcpdXXa.js:1)
  getData (https://acc.alicdn.com/tfscom/TB1DKQvX2DH8KJjy1XcXXcpdXXa.js:10)
  render (https://acc.alicdn.com/tfscom/TB1DKQvX2DH8KJjy1XcXXcpdXXa.js:13)
  s (https://acc.alicdn.com/tfscom/TB1DKQvX2DH8KJjy1XcXXcpdXXa.js:15)
  (anonymous function) (https://acc.alicdn.com/tfscom/TB1DKQvX2DH8KJjy1XcXXcpdXXa.js:15)
  _use (https://acc.alicdn.com/tfscom/TB19mfKX2DH8KJjy1XcXXcpdXXa.js:1)
  load (https://acc.alicdn.com/tfscom/TB19mfKX2DH8KJjy1XcXXcpdXXa.js:1)
  i (https://acc.alicdn.com/tfscom/TB1DKQvX2DH8KJjy1XcXXcpdXXa.js:15)
  (anonymous function) (https://acc.alicdn.com/tfscom/TB1DKQvX2DH8KJjy1XcXXcpdXXa.js:15)
  _use (https://acc.alicdn.com/tfscom/TB19mfKX2DH8KJjy1XcXXcpdXXa.js:1)
  load (https://acc.alicdn.com/tfscom/TB19mfKX2DH8KJjy1XcXXcpdXXa.js:1)
  (anonymous function) (https://acc.alicdn.com/tfscom/TB1DKQvX2DH8KJjy1XcXXcpdXXa.js:15)

  phantomjs://platform/console++.js:263 in error
